[
  {
    "Plan": {
      "Node Type": "Hash Join",
      "Parallel Aware": false,
      "Join Type": "Inner",
      "Startup Cost": 899.46,
      "Total Cost": 915.69,
      "Plan Rows": 200,
      "Plan Width": 36,
      "Actual Startup Time": 12.651,
      "Actual Total Time": 12.838,
      "Actual Rows": 552,
      "Actual Loops": 1,
      "Output": ["c.customer_id", "ps.amount"],
      "Inner Unique": false,
      "Hash Cond": "(r.customer_id = c.customer_id)",
      "Shared Hit Blocks": 2615,
      "Shared Read Blocks": 0,
      "Shared Dirtied Blocks": 0,
      "Shared Written Blocks": 0,
      "Local Hit Blocks": 0,
      "Local Read Blocks": 0,
      "Local Dirtied Blocks": 0,
      "Local Written Blocks": 0,
      "Temp Read Blocks": 0,
      "Temp Written Blocks": 0,
      "Plans": [
        {
          "Node Type": "Aggregate",
          "Strategy": "Hashed",
          "Partial Mode": "Simple",
          "Parent Relationship": "Outer",
          "Parallel Aware": false,
          "Startup Cost": 395.21,
          "Total Cost": 401.20,
          "Plan Rows": 599,
          "Plan Width": 2,
          "Actual Startup Time": 3.974,
          "Actual Total Time": 4.047,
          "Actual Rows": 552,
          "Actual Loops": 1,
          "Output": ["r.customer_id"],
          "Group Key": ["r.customer_id"],
          "Shared Hit Blocks": 2486,
          "Shared Read Blocks": 0,
          "Shared Dirtied Blocks": 0,
          "Shared Written Blocks": 0,
          "Local Hit Blocks": 0,
          "Local Read Blocks": 0,
          "Local Dirtied Blocks": 0,
          "Local Written Blocks": 0,
          "Temp Read Blocks": 0,
          "Temp Written Blocks": 0,
          "Plans": [
            {
              "Node Type": "Nested Loop",
              "Parent Relationship": "Outer",
              "Parallel Aware": false,
              "Join Type": "Inner",
              "Startup Cost": 68.91,
              "Total Cost": 391.60,
              "Plan Rows": 1444,
              "Plan Width": 2,
              "Actual Startup Time": 0.469,
              "Actual Total Time": 3.655,
              "Actual Rows": 1531,
              "Actual Loops": 1,
              "Output": ["r.customer_id"],
              "Inner Unique": false,
              "Shared Hit Blocks": 2486,
              "Shared Read Blocks": 0,
              "Shared Dirtied Blocks": 0,
              "Shared Written Blocks": 0,
              "Local Hit Blocks": 0,
              "Local Read Blocks": 0,
              "Local Dirtied Blocks": 0,
              "Local Written Blocks": 0,
              "Temp Read Blocks": 0,
              "Temp Written Blocks": 0,
              "Plans": [
                {
                  "Node Type": "Hash Join",
                  "Parent Relationship": "Outer",
                  "Parallel Aware": false,
                  "Join Type": "Inner",
                  "Startup Cost": 68.62,
                  "Total Cost": 151.52,
                  "Plan Rows": 412,
                  "Plan Width": 4,
                  "Actual Startup Time": 0.454,
                  "Actual Total Time": 1.487,
                  "Actual Rows": 436,
                  "Actual Loops": 1,
                  "Output": ["i.inventory_id"],
                  "Inner Unique": true,
                  "Hash Cond": "(i.film_id = f.film_id)",
                  "Shared Hit Blocks": 83,
                  "Shared Read Blocks": 0,
                  "Shared Dirtied Blocks": 0,
                  "Shared Written Blocks": 0,
                  "Local Hit Blocks": 0,
                  "Local Read Blocks": 0,
                  "Local Dirtied Blocks": 0,
                  "Local Written Blocks": 0,
                  "Temp Read Blocks": 0,
                  "Temp Written Blocks": 0,
                  "Plans": [
                    {
                      "Node Type": "Seq Scan",
                      "Parent Relationship": "Outer",
                      "Parallel Aware": false,
                      "Relation Name": "inventory",
                      "Schema": "public",
                      "Alias": "i",
                      "Startup Cost": 0.00,
                      "Total Cost": 70.81,
                      "Plan Rows": 4581,
                      "Plan Width": 6,
                      "Actual Startup Time": 0.010,
                      "Actual Total Time": 0.526,
                      "Actual Rows": 4581,
                      "Actual Loops": 1,
                      "Output": ["i.inventory_id", "i.film_id", "i.store_id", "i.last_update"],
                      "Shared Hit Blocks": 25,
                      "Shared Read Blocks": 0,
                      "Shared Dirtied Blocks": 0,
                      "Shared Written Blocks": 0,
                      "Local Hit Blocks": 0,
                      "Local Read Blocks": 0,
                      "Local Dirtied Blocks": 0,
                      "Local Written Blocks": 0,
                      "Temp Read Blocks": 0,
                      "Temp Written Blocks": 0
                    },
                    {
                      "Node Type": "Hash",
                      "Parent Relationship": "Inner",
                      "Parallel Aware": false,
                      "Startup Cost": 67.50,
                      "Total Cost": 67.50,
                      "Plan Rows": 90,
                      "Plan Width": 4,
                      "Actual Startup Time": 0.414,
                      "Actual Total Time": 0.414,
                      "Actual Rows": 96,
                      "Actual Loops": 1,
                      "Output": ["f.film_id"],
                      "Hash Buckets": 1024,
                      "Original Hash Buckets": 1024,
                      "Hash Batches": 1,
                      "Original Hash Batches": 1,
                      "Peak Memory Usage": 12,
                      "Shared Hit Blocks": 55,
                      "Shared Read Blocks": 0,
                      "Shared Dirtied Blocks": 0,
                      "Shared Written Blocks": 0,
                      "Local Hit Blocks": 0,
                      "Local Read Blocks": 0,
                      "Local Dirtied Blocks": 0,
                      "Local Written Blocks": 0,
                      "Temp Read Blocks": 0,
                      "Temp Written Blocks": 0,
                      "Plans": [
                        {
                          "Node Type": "Seq Scan",
                          "Parent Relationship": "Outer",
                          "Parallel Aware": false,
                          "Relation Name": "film",
                          "Schema": "public",
                          "Alias": "f",
                          "Startup Cost": 0.00,
                          "Total Cost": 67.50,
                          "Plan Rows": 90,
                          "Plan Width": 4,
                          "Actual Startup Time": 0.008,
                          "Actual Total Time": 0.393,
                          "Actual Rows": 96,
                          "Actual Loops": 1,
                          "Output": ["f.film_id"],
                          "Filter": "(f.length < 60)",
                          "Rows Removed by Filter": 904,
                          "Shared Hit Blocks": 55,
                          "Shared Read Blocks": 0,
                          "Shared Dirtied Blocks": 0,
                          "Shared Written Blocks": 0,
                          "Local Hit Blocks": 0,
                          "Local Read Blocks": 0,
                          "Local Dirtied Blocks": 0,
                          "Local Written Blocks": 0,
                          "Temp Read Blocks": 0,
                          "Temp Written Blocks": 0
                        }
                      ]
                    }
                  ]
                },
                {
                  "Node Type": "Index Scan",
                  "Parent Relationship": "Inner",
                  "Parallel Aware": false,
                  "Scan Direction": "Forward",
                  "Index Name": "idx_fk_inventory_id",
                  "Relation Name": "rental",
                  "Schema": "public",
                  "Alias": "r",
                  "Startup Cost": 0.29,
                  "Total Cost": 0.54,
                  "Plan Rows": 4,
                  "Plan Width": 6,
                  "Actual Startup Time": 0.002,
                  "Actual Total Time": 0.004,
                  "Actual Rows": 4,
                  "Actual Loops": 436,
                  "Output": ["r.rental_id", "r.rental_date", "r.inventory_id", "r.customer_id", "r.return_date", "r.staff_id", "r.last_update"],
                  "Index Cond": "(r.inventory_id = i.inventory_id)",
                  "Rows Removed by Index Recheck": 0,
                  "Shared Hit Blocks": 2403,
                  "Shared Read Blocks": 0,
                  "Shared Dirtied Blocks": 0,
                  "Shared Written Blocks": 0,
                  "Local Hit Blocks": 0,
                  "Local Read Blocks": 0,
                  "Local Dirtied Blocks": 0,
                  "Local Written Blocks": 0,
                  "Temp Read Blocks": 0,
                  "Temp Written Blocks": 0
                }
              ]
            }
          ]
        },
        {
          "Node Type": "Hash",
          "Parent Relationship": "Inner",
          "Parallel Aware": false,
          "Startup Cost": 501.75,
          "Total Cost": 501.75,
          "Plan Rows": 200,
          "Plan Width": 38,
          "Actual Startup Time": 8.663,
          "Actual Total Time": 8.663,
          "Actual Rows": 599,
          "Actual Loops": 1,
          "Output": ["c.customer_id", "ps.amount", "ps.customer_id"],
          "Hash Buckets": 1024,
          "Original Hash Buckets": 1024,
          "Hash Batches": 1,
          "Original Hash Batches": 1,
          "Peak Memory Usage": 35,
          "Shared Hit Blocks": 129,
          "Shared Read Blocks": 0,
          "Shared Dirtied Blocks": 0,
          "Shared Written Blocks": 0,
          "Local Hit Blocks": 0,
          "Local Read Blocks": 0,
          "Local Dirtied Blocks": 0,
          "Local Written Blocks": 0,
          "Temp Read Blocks": 0,
          "Temp Written Blocks": 0,
          "Plans": [
            {
              "Node Type": "Hash Join",
              "Parent Relationship": "Outer",
              "Parallel Aware": false,
              "Join Type": "Inner",
              "Startup Cost": 485.18,
              "Total Cost": 501.75,
              "Plan Rows": 200,
              "Plan Width": 38,
              "Actual Startup Time": 8.338,
              "Actual Total Time": 8.560,
              "Actual Rows": 599,
              "Actual Loops": 1,
              "Output": ["c.customer_id", "ps.amount", "ps.customer_id"],
              "Inner Unique": true,
              "Hash Cond": "(c.customer_id = ps.customer_id)",
              "Shared Hit Blocks": 129,
              "Shared Read Blocks": 0,
              "Shared Dirtied Blocks": 0,
              "Shared Written Blocks": 0,
              "Local Hit Blocks": 0,
              "Local Read Blocks": 0,
              "Local Dirtied Blocks": 0,
              "Local Written Blocks": 0,
              "Temp Read Blocks": 0,
              "Temp Written Blocks": 0,
              "Plans": [
                {
                  "Node Type": "Seq Scan",
                  "Parent Relationship": "Outer",
                  "Parallel Aware": false,
                  "Relation Name": "customer",
                  "Schema": "public",
                  "Alias": "c",
                  "Startup Cost": 0.00,
                  "Total Cost": 14.99,
                  "Plan Rows": 599,
                  "Plan Width": 4,
                  "Actual Startup Time": 0.011,
                  "Actual Total Time": 0.104,
                  "Actual Rows": 599,
                  "Actual Loops": 1,
                  "Output": ["c.customer_id", "c.store_id", "c.first_name", "c.last_name", "c.email", "c.address_id", "c.activebool", "c.create_date", "c.last_update", "c.active"],
                  "Shared Hit Blocks": 9,
                  "Shared Read Blocks": 0,
                  "Shared Dirtied Blocks": 0,
                  "Shared Written Blocks": 0,
                  "Local Hit Blocks": 0,
                  "Local Read Blocks": 0,
                  "Local Dirtied Blocks": 0,
                  "Local Written Blocks": 0,
                  "Temp Read Blocks": 0,
                  "Temp Written Blocks": 0
                },
                {
                  "Node Type": "Hash",
                  "Parent Relationship": "Inner",
                  "Parallel Aware": false,
                  "Startup Cost": 482.68,
                  "Total Cost": 482.68,
                  "Plan Rows": 200,
                  "Plan Width": 34,
                  "Actual Startup Time": 8.313,
                  "Actual Total Time": 8.313,
                  "Actual Rows": 599,
                  "Actual Loops": 1,
                  "Output": ["ps.amount", "ps.customer_id"],
                  "Hash Buckets": 1024,
                  "Original Hash Buckets": 1024,
                  "Hash Batches": 1,
                  "Original Hash Batches": 1,
                  "Peak Memory Usage": 33,
                  "Shared Hit Blocks": 120,
                  "Shared Read Blocks": 0,
                  "Shared Dirtied Blocks": 0,
                  "Shared Written Blocks": 0,
                  "Local Hit Blocks": 0,
                  "Local Read Blocks": 0,
                  "Local Dirtied Blocks": 0,
                  "Local Written Blocks": 0,
                  "Temp Read Blocks": 0,
                  "Temp Written Blocks": 0,
                  "Plans": [
                    {
                      "Node Type": "Subquery Scan",
                      "Parent Relationship": "Outer",
                      "Parallel Aware": false,
                      "Alias": "ps",
                      "Startup Cost": 478.18,
                      "Total Cost": 482.68,
                      "Plan Rows": 200,
                      "Plan Width": 34,
                      "Actual Startup Time": 7.989,
                      "Actual Total Time": 8.208,
                      "Actual Rows": 599,
                      "Actual Loops": 1,
                      "Output": ["ps.amount", "ps.customer_id"],
                      "Shared Hit Blocks": 120,
                      "Shared Read Blocks": 0,
                      "Shared Dirtied Blocks": 0,
                      "Shared Written Blocks": 0,
                      "Local Hit Blocks": 0,
                      "Local Read Blocks": 0,
                      "Local Dirtied Blocks": 0,
                      "Local Written Blocks": 0,
                      "Temp Read Blocks": 0,
                      "Temp Written Blocks": 0,
                      "Plans": [
                        {
                          "Node Type": "Aggregate",
                          "Strategy": "Hashed",
                          "Partial Mode": "Simple",
                          "Parent Relationship": "Subquery",
                          "Parallel Aware": false,
                          "Startup Cost": 478.18,
                          "Total Cost": 480.68,
                          "Plan Rows": 200,
                          "Plan Width": 34,
                          "Actual Startup Time": 7.986,
                          "Actual Total Time": 8.145,
                          "Actual Rows": 599,
                          "Actual Loops": 1,
                          "Output": ["payment_p2017_01.customer_id", "sum(payment_p2017_01.amount)"],
                          "Group Key": ["payment_p2017_01.customer_id"],
                          "Shared Hit Blocks": 120,
                          "Shared Read Blocks": 0,
                          "Shared Dirtied Blocks": 0,
                          "Shared Written Blocks": 0,
                          "Local Hit Blocks": 0,
                          "Local Read Blocks": 0,
                          "Local Dirtied Blocks": 0,
                          "Local Written Blocks": 0,
                          "Temp Read Blocks": 0,
                          "Temp Written Blocks": 0,
                          "Plans": [
                            {
                              "Node Type": "Append",
                              "Parent Relationship": "Outer",
                              "Parallel Aware": false,
                              "Startup Cost": 0.00,
                              "Total Cost": 391.14,
                              "Plan Rows": 17409,
                              "Plan Width": 8,
                              "Actual Startup Time": 0.010,
                              "Actual Total Time": 4.413,
                              "Actual Rows": 16049,
                              "Actual Loops": 1,
                              "Shared Hit Blocks": 120,
                              "Shared Read Blocks": 0,
                              "Shared Dirtied Blocks": 0,
                              "Shared Written Blocks": 0,
                              "Local Hit Blocks": 0,
                              "Local Read Blocks": 0,
                              "Local Dirtied Blocks": 0,
                              "Local Written Blocks": 0,
                              "Temp Read Blocks": 0,
                              "Temp Written Blocks": 0,
                              "Plans": [
                                {
                                  "Node Type": "Seq Scan",
                                  "Parent Relationship": "Member",
                                  "Parallel Aware": false,
                                  "Relation Name": "payment_p2017_01",
                                  "Schema": "public",
                                  "Alias": "payment_p2017_01",
                                  "Startup Cost": 0.00,
                                  "Total Cost": 20.57,
                                  "Plan Rows": 1157,
                                  "Plan Width": 8,
                                  "Actual Startup Time": 0.010,
                                  "Actual Total Time": 0.205,
                                  "Actual Rows": 1157,
                                  "Actual Loops": 1,
                                  "Output": ["payment_p2017_01.customer_id", "payment_p2017_01.amount"],
                                  "Shared Hit Blocks": 9,
                                  "Shared Read Blocks": 0,
                                  "Shared Dirtied Blocks": 0,
                                  "Shared Written Blocks": 0,
                                  "Local Hit Blocks": 0,
                                  "Local Read Blocks": 0,
                                  "Local Dirtied Blocks": 0,
                                  "Local Written Blocks": 0,
                                  "Temp Read Blocks": 0,
                                  "Temp Written Blocks": 0
                                },
                                {
                                  "Node Type": "Seq Scan",
                                  "Parent Relationship": "Member",
                                  "Parallel Aware": false,
                                  "Relation Name": "payment_p2017_02",
                                  "Schema": "public",
                                  "Alias": "payment_p2017_02",
                                  "Startup Cost": 0.00,
                                  "Total Cost": 40.12,
                                  "Plan Rows": 2312,
                                  "Plan Width": 8,
                                  "Actual Startup Time": 0.008,
                                  "Actual Total Time": 0.428,
                                  "Actual Rows": 2312,
                                  "Actual Loops": 1,
                                  "Output": ["payment_p2017_02.customer_id", "payment_p2017_02.amount"],
                                  "Shared Hit Blocks": 17,
                                  "Shared Read Blocks": 0,
                                  "Shared Dirtied Blocks": 0,
                                  "Shared Written Blocks": 0,
                                  "Local Hit Blocks": 0,
                                  "Local Read Blocks": 0,
                                  "Local Dirtied Blocks": 0,
                                  "Local Written Blocks": 0,
                                  "Temp Read Blocks": 0,
                                  "Temp Written Blocks": 0
                                },
                                {
                                  "Node Type": "Seq Scan",
                                  "Parent Relationship": "Member",
                                  "Parallel Aware": false,
                                  "Relation Name": "payment_p2017_03",
                                  "Schema": "public",
                                  "Alias": "payment_p2017_03",
                                  "Startup Cost": 0.00,
                                  "Total Cost": 98.44,
                                  "Plan Rows": 5644,
                                  "Plan Width": 8,
                                  "Actual Startup Time": 0.010,
                                  "Actual Total Time": 1.024,
                                  "Actual Rows": 5644,
                                  "Actual Loops": 1,
                                  "Output": ["payment_p2017_03.customer_id", "payment_p2017_03.amount"],
                                  "Shared Hit Blocks": 42,
                                  "Shared Read Blocks": 0,
                                  "Shared Dirtied Blocks": 0,
                                  "Shared Written Blocks": 0,
                                  "Local Hit Blocks": 0,
                                  "Local Read Blocks": 0,
                                  "Local Dirtied Blocks": 0,
                                  "Local Written Blocks": 0,
                                  "Temp Read Blocks": 0,
                                  "Temp Written Blocks": 0
                                },
                                {
                                  "Node Type": "Seq Scan",
                                  "Parent Relationship": "Member",
                                  "Parallel Aware": false,
                                  "Relation Name": "payment_p2017_04",
                                  "Schema": "public",
                                  "Alias": "payment_p2017_04",
                                  "Startup Cost": 0.00,
                                  "Total Cost": 117.54,
                                  "Plan Rows": 6754,
                                  "Plan Width": 8,
                                  "Actual Startup Time": 0.009,
                                  "Actual Total Time": 1.200,
                                  "Actual Rows": 6754,
                                  "Actual Loops": 1,
                                  "Output": ["payment_p2017_04.customer_id", "payment_p2017_04.amount"],
                                  "Shared Hit Blocks": 50,
                                  "Shared Read Blocks": 0,
                                  "Shared Dirtied Blocks": 0,
                                  "Shared Written Blocks": 0,
                                  "Local Hit Blocks": 0,
                                  "Local Read Blocks": 0,
                                  "Local Dirtied Blocks": 0,
                                  "Local Written Blocks": 0,
                                  "Temp Read Blocks": 0,
                                  "Temp Written Blocks": 0
                                },
                                {
                                  "Node Type": "Seq Scan",
                                  "Parent Relationship": "Member",
                                  "Parallel Aware": false,
                                  "Relation Name": "payment_p2017_05",
                                  "Schema": "public",
                                  "Alias": "payment_p2017_05",
                                  "Startup Cost": 0.00,
                                  "Total Cost": 3.82,
                                  "Plan Rows": 182,
                                  "Plan Width": 7,
                                  "Actual Startup Time": 0.009,
                                  "Actual Total Time": 0.037,
                                  "Actual Rows": 182,
                                  "Actual Loops": 1,
                                  "Output": ["payment_p2017_05.customer_id", "payment_p2017_05.amount"],
                                  "Shared Hit Blocks": 2,
                                  "Shared Read Blocks": 0,
                                  "Shared Dirtied Blocks": 0,
                                  "Shared Written Blocks": 0,
                                  "Local Hit Blocks": 0,
                                  "Local Read Blocks": 0,
                                  "Local Dirtied Blocks": 0,
                                  "Local Written Blocks": 0,
                                  "Temp Read Blocks": 0,
                                  "Temp Written Blocks": 0
                                },
                                {
                                  "Node Type": "Seq Scan",
                                  "Parent Relationship": "Member",
                                  "Parallel Aware": false,
                                  "Relation Name": "payment_p2017_06",
                                  "Schema": "public",
                                  "Alias": "payment_p2017_06",
                                  "Startup Cost": 0.00,
                                  "Total Cost": 23.60,
                                  "Plan Rows": 1360,
                                  "Plan Width": 14,
                                  "Actual Startup Time": 0.001,
                                  "Actual Total Time": 0.001,
                                  "Actual Rows": 0,
                                  "Actual Loops": 1,
                                  "Output": ["payment_p2017_06.customer_id", "payment_p2017_06.amount"],
                                  "Shared Hit Blocks": 0,
                                  "Shared Read Blocks": 0,
                                  "Shared Dirtied Blocks": 0,
                                  "Shared Written Blocks": 0,
                                  "Local Hit Blocks": 0,
                                  "Local Read Blocks": 0,
                                  "Local Dirtied Blocks": 0,
                                  "Local Written Blocks": 0,
                                  "Temp Read Blocks": 0,
                                  "Temp Written Blocks": 0
                                }
                              ]
                            }
                          ]
                        }
                      ]
                    }
                  ]
                }
              ]
            }
          ]
        }
      ]
    },
    "Planning Time": 3.416,
    "Triggers": [
    ],
    "Execution Time": 13.097
  }
]
